This is pdfTeX, Version 3.14159265-2.6-1.40.20 (TeX Live 2019/W32TeX) (preloaded format=pdflatex 2020.2.11)  17 FEB 2020 16:49
entering extended mode
 restricted \write18 enabled.
 %&-line parsing enabled.
**luk10_ProjectOutline.tex
(./luk10_ProjectOutline.tex
LaTeX2e <2020-02-02> patch level 1
L3 programming layer <2020-02-08>
(c:/texlive/2019/texmf-dist/tex/latex/base/article.cls
Document Class: article 2019/12/20 v1.4l Standard LaTeX document class
(c:/texlive/2019/texmf-dist/tex/latex/base/size10.clo
File: size10.clo 2019/12/20 v1.4l Standard LaTeX file (size option)
)
\c@part=\count167
\c@section=\count168
\c@subsection=\count169
\c@subsubsection=\count170
\c@paragraph=\count171
\c@subparagraph=\count172
\c@figure=\count173
\c@table=\count174
\abovecaptionskip=\skip47
\belowcaptionskip=\skip48
\bibindent=\dimen134
)
(c:/texlive/2019/texmf-dist/tex/latex/l3backend/l3backend-pdfmode.def
File: l3backend-pdfmode.def 2020-02-03 L3 backend support: PDF mode
\l__kernel_color_stack_int=\count175
\l__pdf_internal_box=\box45
)
(./luk10_ProjectOutline.aux)
\openout1 = `luk10_ProjectOutline.aux'.

LaTeX Font Info:    Checking defaults for OML/cmm/m/it on input line 15.
LaTeX Font Info:    ... okay on input line 15.
LaTeX Font Info:    Checking defaults for OMS/cmsy/m/n on input line 15.
LaTeX Font Info:    ... okay on input line 15.
LaTeX Font Info:    Checking defaults for OT1/cmr/m/n on input line 15.
LaTeX Font Info:    ... okay on input line 15.
LaTeX Font Info:    Checking defaults for T1/cmr/m/n on input line 15.
LaTeX Font Info:    ... okay on input line 15.
LaTeX Font Info:    Checking defaults for TS1/cmr/m/n on input line 15.
LaTeX Font Info:    ... okay on input line 15.
LaTeX Font Info:    Checking defaults for OMX/cmex/m/n on input line 15.
LaTeX Font Info:    ... okay on input line 15.
LaTeX Font Info:    Checking defaults for U/cmr/m/n on input line 15.
LaTeX Font Info:    ... okay on input line 15.
LaTeX Font Info:    External font `cmex10' loaded for size
(Font)              <12> on input line 17.
LaTeX Font Info:    External font `cmex10' loaded for size
(Font)              <8> on input line 17.
LaTeX Font Info:    External font `cmex10' loaded for size
(Font)              <6> on input line 17.
 [1

{c:/texlive/2019/texmf-var/fonts/map/pdftex/updmap/pdftex.map}]
Underfull \hbox (badness 10000) in paragraph at lines 21--25

 []

[2]
Underfull \hbox (badness 10000) in paragraph at lines 106--111
[]\OT1/cmr/m/n/10 CCP Games, \OT1/cmr/m/it/10 EVE Swag-ger In-ter-face\OT1/cmr/
m/n/10 , [On-line], Avail-able:
 []

[3] (./luk10_ProjectOutline.aux) ) 
Here is how much of TeX's memory you used:
 400 strings out of 482692
 6672 string characters out of 5954519
 236406 words of memory out of 5000000
 15519 multiletter control sequences out of 15000+600000
 536967 words of font info for 39 fonts, out of 8000000 for 9000
 319 hyphenation exceptions out of 8191
 25i,6n,19p,226b,199s stack positions out of 5000i,500n,10000p,200000b,80000s
 <c:/Users/standard/.texlive2019/texmf-var/fo
nts/pk/ljfour/jknappen/ec/tcrm1000.600pk><c:/texlive/2019/texmf-dist/fonts/type
1/public/amsfonts/cm/cmbx10.pfb><c:/texlive/2019/texmf-dist/fonts/type1/public/
amsfonts/cm/cmbx12.pfb><c:/texlive/2019/texmf-dist/fonts/type1/public/amsfonts/
cm/cmr10.pfb><c:/texlive/2019/texmf-dist/fonts/type1/public/amsfonts/cm/cmr12.p
fb><c:/texlive/2019/texmf-dist/fonts/type1/public/amsfonts/cm/cmr17.pfb><c:/tex
live/2019/texmf-dist/fonts/type1/public/amsfonts/cm/cmti10.pfb>
Output written on luk10_ProjectOutline.pdf (3 pages, 95498 bytes).
PDF statistics:
 43 PDF objects out of 1000 (max. 8388607)
 30 compressed objects within 1 object stream
 0 named destinations out of 1000 (max. 500000)
 1 words of extra memory for PDF output out of 10000 (max. 10000000)

